\BOOKMARK [1][-]{section*.2}{\376\377\000L\000i\000s\000t\000\040\000o\000f\000\040\000F\000i\000g\000u\000r\000e\000s}{}% 1
\BOOKMARK [1][-]{section*.3}{\376\377\000L\000i\000s\000t\000\040\000o\000f\000\040\000T\000a\000b\000l\000e\000s}{}% 2
\BOOKMARK [1][-]{section.1}{\376\377\000I\000n\000t\000r\000o\000d\000u\000c\000t\000i\000o\000n}{}% 3
\BOOKMARK [2][-]{subsection.1.1}{\376\377\000B\000a\000c\000k\000g\000r\000o\000u\000n\000d\000\040\000a\000n\000d\000\040\000M\000o\000t\000i\000v\000a\000t\000i\000o\000n}{section.1}% 4
\BOOKMARK [2][-]{subsection.1.2}{\376\377\000P\000r\000o\000b\000l\000e\000m\000\040\000D\000e\000s\000c\000r\000i\000p\000t\000i\000o\000n}{section.1}% 5
\BOOKMARK [2][-]{subsection.1.3}{\376\377\000P\000r\000o\000j\000e\000c\000t\000\040\000S\000c\000o\000p\000e}{section.1}% 6
\BOOKMARK [3][-]{subsubsection.1.3.1}{\376\377\000O\000b\000j\000e\000c\000t\000i\000v\000e\000s}{subsection.1.3}% 7
\BOOKMARK [3][-]{subsubsection.1.3.2}{\376\377\000R\000e\000s\000e\000a\000r\000c\000h\000\040\000Q\000u\000e\000s\000t\000i\000o\000n\000s}{subsection.1.3}% 8
\BOOKMARK [2][-]{subsection.1.4}{\376\377\000S\000t\000r\000u\000c\000t\000u\000r\000e}{section.1}% 9
\BOOKMARK [1][-]{section.2}{\376\377\000L\000i\000t\000e\000r\000a\000t\000u\000r\000e}{}% 10
\BOOKMARK [1][-]{section.3}{\376\377\000D\000i\000s\000c\000u\000s\000s\000i\000o\000n}{}% 11
\BOOKMARK [1][-]{section.4}{\376\377\000R\000e\000f\000l\000e\000c\000t\000i\000o\000n\000s}{}% 12
\BOOKMARK [1][-]{section.5}{\376\377\000F\000u\000t\000u\000r\000e\000\040\000w\000o\000r\000k}{}% 13
\BOOKMARK [2][-]{subsection.5.1}{\376\377\000H\000i\000g\000h\000l\000y\000\040\000s\000p\000e\000c\000i\000f\000i\000c\000\040\000t\000r\000a\000i\000n\000i\000n\000g\000\040\000d\000a\000t\000a\000s\000e\000t}{section.5}% 14
\BOOKMARK [2][-]{subsection.5.2}{\376\377\000R\000o\000b\000u\000s\000t\000n\000e\000s\000s\000\040\000o\000f\000\040\000d\000e\000t\000e\000c\000t\000o\000r\000s}{section.5}% 15
\BOOKMARK [2][-]{subsection.5.3}{\376\377\000F\000e\000a\000s\000i\000b\000i\000l\000i\000t\000y\000\040\000o\000f\000\040\000i\000m\000p\000l\000e\000m\000e\000n\000t\000i\000n\000g\000\040\000t\000i\000n\000y\000\040\000M\000L\000\040\000m\000o\000d\000e\000l\000s\000\040\000o\000n\000\040\000c\000o\000s\000t\000-\000e\000f\000f\000e\000c\000t\000i\000v\000e\000\040\000h\000a\000r\000d\000w\000a\000r\000e}{section.5}% 16
\BOOKMARK [2][-]{subsection.5.4}{\376\377\000H\000e\000a\000t\000\040\000m\000a\000p\000\040\000i\000m\000p\000l\000e\000m\000e\000n\000t\000a\000t\000i\000o\000n}{section.5}% 17
\BOOKMARK [1][-]{section.6}{\376\377\000C\000o\000n\000c\000l\000u\000s\000i\000o\000n\000s}{}% 18
\BOOKMARK [1][-]{section.7}{\376\377\000T\000a\000n\000k\000e\000r}{}% 19
\BOOKMARK [1][-]{section*.5}{\376\377\000B\000i\000b\000l\000i\000o\000g\000r\000a\000p\000h\000y}{}% 20
